2019-03-28T14:54:00.717 [main] [INFO] o.s.b.t.c.SpringBootTestContextBootstrapper - Neither @ContextConfiguration nor @ContextHierarchy found for test class [com.imap.cloud.configserver.MapConfigserverApplicationTests], using SpringBootContextLoader
2019-03-28T14:54:00.724 [main] [INFO] o.s.t.c.s.AbstractContextLoader - Could not detect default resource locations for test class [com.imap.cloud.configserver.MapConfigserverApplicationTests]: no resource found for suffixes {-context.xml, Context.groovy}.
2019-03-28T14:54:00.724 [main] [INFO] o.s.t.c.s.AnnotationConfigContextLoaderUtils - Could not detect default configuration classes for test class [com.imap.cloud.configserver.MapConfigserverApplicationTests]: MapConfigserverApplicationTests does not declare any static, non-private, non-final, nested classes annotated with @Configuration.
2019-03-28T14:54:00.943 [main] [INFO] o.s.b.t.c.SpringBootTestContextBootstrapper - Found @SpringBootConfiguration com.imap.cloud.configserver.MapConfigserverApplication for test class com.imap.cloud.configserver.MapConfigserverApplicationTests
2019-03-28T14:54:01.186 [main] [INFO] o.s.b.t.c.SpringBootTestContextBootstrapper - Loaded default TestExecutionListener class names from location [META-INF/spring.factories]: [org.springframework.boot.test.mock.mockito.MockitoTestExecutionListener, org.springframework.boot.test.mock.mockito.ResetMocksTestExecutionListener, org.springframework.boot.test.autoconfigure.restdocs.RestDocsTestExecutionListener, org.springframework.boot.test.autoconfigure.web.client.MockRestServiceServerResetTestExecutionListener, org.springframework.boot.test.autoconfigure.web.servlet.MockMvcPrintOnlyOnFailureTestExecutionListener, org.springframework.boot.test.autoconfigure.web.servlet.WebDriverTestExecutionListener, org.springframework.test.context.web.ServletTestExecutionListener, org.springframework.test.context.support.DirtiesContextBeforeModesTestExecutionListener, org.springframework.test.context.support.DependencyInjectionTestExecutionListener, org.springframework.test.context.support.DirtiesContextTestExecutionListener, org.springframework.test.context.transaction.TransactionalTestExecutionListener, org.springframework.test.context.jdbc.SqlScriptsTestExecutionListener]
2019-03-28T14:54:01.440 [main] [INFO] o.s.b.t.c.SpringBootTestContextBootstrapper - Using TestExecutionListeners: [org.springframework.test.context.web.ServletTestExecutionListener@2b9ed6da, org.springframework.test.context.support.DirtiesContextBeforeModesTestExecutionListener@6c61a903, org.springframework.boot.test.mock.mockito.MockitoTestExecutionListener@658c5a19, org.springframework.boot.test.autoconfigure.SpringBootDependencyInjectionTestExecutionListener@421e361, org.springframework.test.context.support.DirtiesContextTestExecutionListener@59d4cd39, org.springframework.test.context.transaction.TransactionalTestExecutionListener@389c4eb1, org.springframework.test.context.jdbc.SqlScriptsTestExecutionListener@3fc79729, org.springframework.boot.test.mock.mockito.ResetMocksTestExecutionListener@34f6515b, org.springframework.boot.test.autoconfigure.restdocs.RestDocsTestExecutionListener@4b34fff9, org.springframework.boot.test.autoconfigure.web.client.MockRestServiceServerResetTestExecutionListener@1187c9e8, org.springframework.boot.test.autoconfigure.web.servlet.MockMvcPrintOnlyOnFailureTestExecutionListener@127a7a2e, org.springframework.boot.test.autoconfigure.web.servlet.WebDriverTestExecutionListener@14008db3]
2019-03-28T14:54:03.379 [main] [INFO] o.s.c.a.AnnotationConfigApplicationContext - Refreshing org.springframework.context.annotation.AnnotationConfigApplicationContext@1e7aa82b: startup date [Thu Mar 28 14:54:03 CST 2019]; root of context hierarchy
2019-03-28T14:54:03.607 [main] [INFO] o.s.b.f.a.AutowiredAnnotationBeanPostProcessor - JSR-330 'javax.inject.Inject' annotation found and supported for autowiring
2019-03-28T14:54:03.635 [main] [INFO] o.s.c.s.PostProcessorRegistrationDelegate$BeanPostProcessorChecker - Bean 'configurationPropertiesRebinderAutoConfiguration' of type [org.springframework.cloud.autoconfigure.ConfigurationPropertiesRebinderAutoConfiguration$$EnhancerBySpringCGLIB$$5e4f732d] is not eligible for getting processed by all BeanPostProcessors (for example: not eligible for auto-proxying)
2019-03-28T14:54:04.589 [main] [INFO] c.i.c.c.MapConfigserverApplicationTests - No active profile set, falling back to default profiles: default
2019-03-28T14:54:04.604 [main] [INFO] o.s.w.c.s.GenericWebApplicationContext - Refreshing org.springframework.web.context.support.GenericWebApplicationContext@36074e47: startup date [Thu Mar 28 14:54:04 CST 2019]; parent: org.springframework.context.annotation.AnnotationConfigApplicationContext@1e7aa82b
2019-03-28T14:54:05.682 [main] [INFO] o.s.i.c.IntegrationRegistrar - No bean named 'integrationHeaderChannelRegistry' has been explicitly defined. Therefore, a default DefaultHeaderChannelRegistry will be created.
2019-03-28T14:54:05.787 [main] [INFO] o.s.c.a.ConfigurationClassBeanDefinitionReader - Skipping bean definition for [BeanMethod:name=configurableCompositeMessageConverter,declaringClass=org.springframework.cloud.stream.config.ContentTypeConfiguration]: a definition for bean 'integrationArgumentResolverMessageConverter' already exists. This top-level bean definition is considered as an override.
2019-03-28T14:54:06.314 [main] [INFO] o.s.c.c.s.GenericScope - BeanFactory id=e73a0587-b2ac-35ac-a974-70589e552b9e
2019-03-28T14:54:06.385 [main] [INFO] o.s.i.c.DefaultConfiguringBeanFactoryPostProcessor - No bean named 'errorChannel' has been explicitly defined. Therefore, a default PublishSubscribeChannel will be created.
2019-03-28T14:54:06.388 [main] [INFO] o.s.i.c.DefaultConfiguringBeanFactoryPostProcessor - No bean named 'taskScheduler' has been explicitly defined. Therefore, a default ThreadPoolTaskScheduler will be created.
2019-03-28T14:54:06.406 [main] [INFO] o.s.b.f.a.AutowiredAnnotationBeanPostProcessor - JSR-330 'javax.inject.Inject' annotation found and supported for autowiring
2019-03-28T14:54:06.464 [main] [INFO] o.s.c.s.PostProcessorRegistrationDelegate$BeanPostProcessorChecker - Bean 'org.springframework.amqp.rabbit.annotation.RabbitBootstrapConfiguration' of type [org.springframework.amqp.rabbit.annotation.RabbitBootstrapConfiguration$$EnhancerBySpringCGLIB$$8a12e5e] is not eligible for getting processed by all BeanPostProcessors (for example: not eligible for auto-proxying)
2019-03-28T14:54:06.749 [main] [INFO] o.s.c.s.PostProcessorRegistrationDelegate$BeanPostProcessorChecker - Bean 'org.springframework.retry.annotation.RetryConfiguration' of type [org.springframework.retry.annotation.RetryConfiguration$$EnhancerBySpringCGLIB$$37f90855] is not eligible for getting processed by all BeanPostProcessors (for example: not eligible for auto-proxying)
2019-03-28T14:54:06.829 [main] [INFO] o.s.c.s.PostProcessorRegistrationDelegate$BeanPostProcessorChecker - Bean 'org.springframework.integration.config.IntegrationManagementConfiguration' of type [org.springframework.integration.config.IntegrationManagementConfiguration$$EnhancerBySpringCGLIB$$ad272b5f] is not eligible for getting processed by all BeanPostProcessors (for example: not eligible for auto-proxying)
2019-03-28T14:54:06.894 [main] [INFO] o.s.c.s.PostProcessorRegistrationDelegate$BeanPostProcessorChecker - Bean 'org.springframework.cloud.autoconfigure.ConfigurationPropertiesRebinderAutoConfiguration' of type [org.springframework.cloud.autoconfigure.ConfigurationPropertiesRebinderAutoConfiguration$$EnhancerBySpringCGLIB$$5e4f732d] is not eligible for getting processed by all BeanPostProcessors (for example: not eligible for auto-proxying)
2019-03-28T14:54:08.576 [main] [WARN] c.n.c.s.URLConfigurationSource - No URLs will be polled as dynamic configuration sources.
2019-03-28T14:54:08.577 [main] [INFO] c.n.c.s.URLConfigurationSource - To enable URLs as dynamic configuration sources, define System property archaius.configurationSource.additionalUrls or make config.properties available on classpath.
2019-03-28T14:54:08.606 [main] [WARN] c.n.c.s.URLConfigurationSource - No URLs will be polled as dynamic configuration sources.
2019-03-28T14:54:08.606 [main] [INFO] c.n.c.s.URLConfigurationSource - To enable URLs as dynamic configuration sources, define System property archaius.configurationSource.additionalUrls or make config.properties available on classpath.
2019-03-28T14:54:08.892 [main] [INFO] o.s.w.s.h.SimpleUrlHandlerMapping - Mapped URL path [/**/favicon.ico] onto handler of type [class org.springframework.web.servlet.resource.ResourceHttpRequestHandler]
2019-03-28T14:54:09.097 [main] [INFO] o.s.w.s.m.m.a.RequestMappingHandlerAdapter - Looking for @ControllerAdvice: org.springframework.web.context.support.GenericWebApplicationContext@36074e47: startup date [Thu Mar 28 14:54:04 CST 2019]; parent: org.springframework.context.annotation.AnnotationConfigApplicationContext@1e7aa82b
2019-03-28T14:54:09.225 [main] [INFO] o.s.w.s.m.m.a.RequestMappingHandlerMapping - Mapped "{[/error]}" onto public org.springframework.http.ResponseEntity<java.util.Map<java.lang.String, java.lang.Object>> org.springframework.boot.autoconfigure.web.servlet.error.BasicErrorController.error(javax.servlet.http.HttpServletRequest)
2019-03-28T14:54:09.227 [main] [INFO] o.s.w.s.m.m.a.RequestMappingHandlerMapping - Mapped "{[/error],produces=[text/html]}" onto public org.springframework.web.servlet.ModelAndView org.springframework.boot.autoconfigure.web.servlet.error.BasicErrorController.errorHtml(javax.servlet.http.HttpServletRequest,javax.servlet.http.HttpServletResponse)
2019-03-28T14:54:09.242 [main] [INFO] o.s.w.s.m.m.a.RequestMappingHandlerMapping - Mapped "{[/encrypt],methods=[POST]}" onto public java.lang.String org.springframework.cloud.config.server.encryption.EncryptionController.encrypt(java.lang.String,org.springframework.http.MediaType)
2019-03-28T14:54:09.242 [main] [INFO] o.s.w.s.m.m.a.RequestMappingHandlerMapping - Mapped "{[/encrypt/{name}/{profiles}],methods=[POST]}" onto public java.lang.String org.springframework.cloud.config.server.encryption.EncryptionController.encrypt(java.lang.String,java.lang.String,java.lang.String,org.springframework.http.MediaType)
2019-03-28T14:54:09.243 [main] [INFO] o.s.w.s.m.m.a.RequestMappingHandlerMapping - Mapped "{[/decrypt/{name}/{profiles}],methods=[POST]}" onto public java.lang.String org.springframework.cloud.config.server.encryption.EncryptionController.decrypt(java.lang.String,java.lang.String,java.lang.String,org.springframework.http.MediaType)
2019-03-28T14:54:09.243 [main] [INFO] o.s.w.s.m.m.a.RequestMappingHandlerMapping - Mapped "{[/decrypt],methods=[POST]}" onto public java.lang.String org.springframework.cloud.config.server.encryption.EncryptionController.decrypt(java.lang.String,org.springframework.http.MediaType)
2019-03-28T14:54:09.244 [main] [INFO] o.s.w.s.m.m.a.RequestMappingHandlerMapping - Mapped "{[/encrypt/status],methods=[GET]}" onto public java.util.Map<java.lang.String, java.lang.Object> org.springframework.cloud.config.server.encryption.EncryptionController.status()
2019-03-28T14:54:09.244 [main] [INFO] o.s.w.s.m.m.a.RequestMappingHandlerMapping - Mapped "{[/key],methods=[GET]}" onto public java.lang.String org.springframework.cloud.config.server.encryption.EncryptionController.getPublicKey()
2019-03-28T14:54:09.244 [main] [INFO] o.s.w.s.m.m.a.RequestMappingHandlerMapping - Mapped "{[/key/{name}/{profiles}],methods=[GET]}" onto public java.lang.String org.springframework.cloud.config.server.encryption.EncryptionController.getPublicKey(java.lang.String,java.lang.String)
2019-03-28T14:54:09.254 [main] [INFO] o.s.w.s.m.m.a.RequestMappingHandlerMapping - Mapped "{[/{name}-{profiles}.properties],methods=[GET]}" onto public org.springframework.http.ResponseEntity<java.lang.String> org.springframework.cloud.config.server.environment.EnvironmentController.properties(java.lang.String,java.lang.String,boolean) throws java.io.IOException
2019-03-28T14:54:09.254 [main] [INFO] o.s.w.s.m.m.a.RequestMappingHandlerMapping - Mapped "{[/{name}-{profiles}.yml || /{name}-{profiles}.yaml],methods=[GET]}" onto public org.springframework.http.ResponseEntity<java.lang.String> org.springframework.cloud.config.server.environment.EnvironmentController.yaml(java.lang.String,java.lang.String,boolean) throws java.lang.Exception
2019-03-28T14:54:09.255 [main] [INFO] o.s.w.s.m.m.a.RequestMappingHandlerMapping - Mapped "{[/{name}/{profiles:.*[^-].*}],methods=[GET]}" onto public org.springframework.cloud.config.environment.Environment org.springframework.cloud.config.server.environment.EnvironmentController.defaultLabel(java.lang.String,java.lang.String)
2019-03-28T14:54:09.255 [main] [INFO] o.s.w.s.m.m.a.RequestMappingHandlerMapping - Mapped "{[/{label}/{name}-{profiles}.yml || /{label}/{name}-{profiles}.yaml],methods=[GET]}" onto public org.springframework.http.ResponseEntity<java.lang.String> org.springframework.cloud.config.server.environment.EnvironmentController.labelledYaml(java.lang.String,java.lang.String,java.lang.String,boolean) throws java.lang.Exception
2019-03-28T14:54:09.255 [main] [INFO] o.s.w.s.m.m.a.RequestMappingHandlerMapping - Mapped "{[/{name}/{profiles}/{label:.*}],methods=[GET]}" onto public org.springframework.cloud.config.environment.Environment org.springframework.cloud.config.server.environment.EnvironmentController.labelled(java.lang.String,java.lang.String,java.lang.String)
2019-03-28T14:54:09.256 [main] [INFO] o.s.w.s.m.m.a.RequestMappingHandlerMapping - Mapped "{[/{name}-{profiles}.json],methods=[GET]}" onto public org.springframework.http.ResponseEntity<java.lang.String> org.springframework.cloud.config.server.environment.EnvironmentController.jsonProperties(java.lang.String,java.lang.String,boolean) throws java.lang.Exception
2019-03-28T14:54:09.257 [main] [INFO] o.s.w.s.m.m.a.RequestMappingHandlerMapping - Mapped "{[/{label}/{name}-{profiles}.json],methods=[GET]}" onto public org.springframework.http.ResponseEntity<java.lang.String> org.springframework.cloud.config.server.environment.EnvironmentController.labelledJsonProperties(java.lang.String,java.lang.String,java.lang.String,boolean) throws java.lang.Exception
2019-03-28T14:54:09.257 [main] [INFO] o.s.w.s.m.m.a.RequestMappingHandlerMapping - Mapped "{[/{label}/{name}-{profiles}.properties],methods=[GET]}" onto public org.springframework.http.ResponseEntity<java.lang.String> org.springframework.cloud.config.server.environment.EnvironmentController.labelledProperties(java.lang.String,java.lang.String,java.lang.String,boolean) throws java.io.IOException
2019-03-28T14:54:09.264 [main] [INFO] o.s.w.s.m.m.a.RequestMappingHandlerMapping - Mapped "{[/{name}/{profile}/**],methods=[GET],params=[useDefaultLabel]}" onto public java.lang.String org.springframework.cloud.config.server.resource.ResourceController.retrieve(java.lang.String,java.lang.String,javax.servlet.http.HttpServletRequest,boolean) throws java.io.IOException
2019-03-28T14:54:09.264 [main] [INFO] o.s.w.s.m.m.a.RequestMappingHandlerMapping - Mapped "{[/{name}/{profile}/{label}/**],methods=[GET]}" onto public java.lang.String org.springframework.cloud.config.server.resource.ResourceController.retrieve(java.lang.String,java.lang.String,java.lang.String,javax.servlet.http.HttpServletRequest,boolean) throws java.io.IOException
2019-03-28T14:54:09.265 [main] [INFO] o.s.w.s.m.m.a.RequestMappingHandlerMapping - Mapped "{[/{name}/{profile}/{label}/**],methods=[GET],produces=[application/octet-stream]}" onto public synchronized byte[] org.springframework.cloud.config.server.resource.ResourceController.binary(java.lang.String,java.lang.String,java.lang.String,javax.servlet.http.HttpServletRequest) throws java.io.IOException
2019-03-28T14:54:09.329 [main] [INFO] o.s.w.s.h.SimpleUrlHandlerMapping - Mapped URL path [/webjars/**] onto handler of type [class org.springframework.web.servlet.resource.ResourceHttpRequestHandler]
2019-03-28T14:54:09.329 [main] [INFO] o.s.w.s.h.SimpleUrlHandlerMapping - Mapped URL path [/**] onto handler of type [class org.springframework.web.servlet.resource.ResourceHttpRequestHandler]
2019-03-28T14:54:11.616 [main] [INFO] o.s.s.c.ThreadPoolTaskScheduler - Initializing ExecutorService  'taskScheduler'
2019-03-28T14:54:12.421 [main] [INFO] o.s.s.c.ThreadPoolTaskScheduler - Initializing ExecutorService  'catalogWatchTaskScheduler'
2019-03-28T14:54:12.810 [main] [INFO] o.s.b.a.e.w.EndpointLinksResolver - Exposing 5 endpoint(s) beneath base path '/actuator'
2019-03-28T14:54:12.821 [main] [INFO] o.s.b.a.e.w.s.WebMvcEndpointHandlerMapping - Mapped "{[/actuator/health],methods=[GET],produces=[application/vnd.spring-boot.actuator.v2+json || application/json]}" onto public java.lang.Object org.springframework.boot.actuate.endpoint.web.servlet.AbstractWebMvcEndpointHandlerMapping$OperationHandler.handle(javax.servlet.http.HttpServletRequest,java.util.Map<java.lang.String, java.lang.String>)
2019-03-28T14:54:12.822 [main] [INFO] o.s.b.a.e.w.s.WebMvcEndpointHandlerMapping - Mapped "{[/actuator/refresh],methods=[POST],produces=[application/vnd.spring-boot.actuator.v2+json || application/json]}" onto public java.lang.Object org.springframework.boot.actuate.endpoint.web.servlet.AbstractWebMvcEndpointHandlerMapping$OperationHandler.handle(javax.servlet.http.HttpServletRequest,java.util.Map<java.lang.String, java.lang.String>)
2019-03-28T14:54:12.823 [main] [INFO] o.s.b.a.e.w.s.WebMvcEndpointHandlerMapping - Mapped "{[/actuator/bus-refresh],methods=[POST]}" onto public java.lang.Object org.springframework.boot.actuate.endpoint.web.servlet.AbstractWebMvcEndpointHandlerMapping$OperationHandler.handle(javax.servlet.http.HttpServletRequest,java.util.Map<java.lang.String, java.lang.String>)
2019-03-28T14:54:12.823 [main] [INFO] o.s.b.a.e.w.s.WebMvcEndpointHandlerMapping - Mapped "{[/actuator/bus-refresh/{destination}],methods=[POST]}" onto public java.lang.Object org.springframework.boot.actuate.endpoint.web.servlet.AbstractWebMvcEndpointHandlerMapping$OperationHandler.handle(javax.servlet.http.HttpServletRequest,java.util.Map<java.lang.String, java.lang.String>)
2019-03-28T14:54:12.823 [main] [INFO] o.s.b.a.e.w.s.WebMvcEndpointHandlerMapping - Mapped "{[/actuator/service-registry],methods=[GET],produces=[application/vnd.spring-boot.actuator.v2+json || application/json]}" onto public java.lang.Object org.springframework.boot.actuate.endpoint.web.servlet.AbstractWebMvcEndpointHandlerMapping$OperationHandler.handle(javax.servlet.http.HttpServletRequest,java.util.Map<java.lang.String, java.lang.String>)
2019-03-28T14:54:12.824 [main] [INFO] o.s.b.a.e.w.s.WebMvcEndpointHandlerMapping - Mapped "{[/actuator/service-registry],methods=[POST],consumes=[application/vnd.spring-boot.actuator.v2+json || application/json],produces=[application/vnd.spring-boot.actuator.v2+json || application/json]}" onto public java.lang.Object org.springframework.boot.actuate.endpoint.web.servlet.AbstractWebMvcEndpointHandlerMapping$OperationHandler.handle(javax.servlet.http.HttpServletRequest,java.util.Map<java.lang.String, java.lang.String>)
2019-03-28T14:54:12.825 [main] [INFO] o.s.b.a.e.w.s.WebMvcEndpointHandlerMapping - Mapped "{[/actuator/consul],methods=[GET],produces=[application/vnd.spring-boot.actuator.v2+json || application/json]}" onto public java.lang.Object org.springframework.boot.actuate.endpoint.web.servlet.AbstractWebMvcEndpointHandlerMapping$OperationHandler.handle(javax.servlet.http.HttpServletRequest,java.util.Map<java.lang.String, java.lang.String>)
2019-03-28T14:54:12.826 [main] [INFO] o.s.b.a.e.w.s.WebMvcEndpointHandlerMapping - Mapped "{[/actuator],methods=[GET],produces=[application/vnd.spring-boot.actuator.v2+json || application/json]}" onto protected java.util.Map<java.lang.String, java.util.Map<java.lang.String, org.springframework.boot.actuate.endpoint.web.Link>> org.springframework.boot.actuate.endpoint.web.servlet.WebMvcEndpointHandlerMapping.links(javax.servlet.http.HttpServletRequest,javax.servlet.http.HttpServletResponse)
2019-03-28T14:54:13.016 [main] [INFO] o.s.i.c.DirectChannel - Channel 'map-configcenter-1.springCloudBusInput' has 1 subscriber(s).
2019-03-28T14:54:13.029 [main] [INFO] o.s.c.s.DefaultLifecycleProcessor - Starting beans in phase -2147482648
2019-03-28T14:54:13.535 [main] [INFO] o.s.c.a.AnnotationConfigApplicationContext - Refreshing org.springframework.context.annotation.AnnotationConfigApplicationContext@2fb48970: startup date [Thu Mar 28 14:54:13 CST 2019]; parent: org.springframework.web.context.support.GenericWebApplicationContext@36074e47
2019-03-28T14:54:13.573 [main] [INFO] o.s.b.f.a.AutowiredAnnotationBeanPostProcessor - JSR-330 'javax.inject.Inject' annotation found and supported for autowiring
2019-03-28T14:54:13.632 [main] [INFO] o.s.c.s.GenericApplicationContext - Refreshing org.springframework.context.support.GenericApplicationContext@478530cb: startup date [Thu Mar 28 14:54:13 CST 2019]; root of context hierarchy
2019-03-28T14:54:13.695 [main] [INFO] o.s.a.r.c.CachingConnectionFactory - Attempting to connect to: [127.0.0.1:5672]
2019-03-28T14:54:13.944 [main] [INFO] o.s.a.r.c.CachingConnectionFactory - Created new connection: rabbitConnectionFactory#9785903:0/SimpleConnection@284c4f02 [delegate=amqp://guest@127.0.0.1:5672/, localPort= 60312]
2019-03-28T14:54:14.005 [main] [INFO] o.s.i.c.DirectChannel - Channel 'map-configcenter-1.springCloudBusOutput' has 1 subscriber(s).
2019-03-28T14:54:14.007 [main] [INFO] o.s.c.s.DefaultLifecycleProcessor - Starting beans in phase 0
2019-03-28T14:54:14.010 [main] [INFO] o.s.i.e.EventDrivenConsumer - Adding {logging-channel-adapter:_org.springframework.integration.errorLogger} as a subscriber to the 'errorChannel' channel
2019-03-28T14:54:14.010 [main] [INFO] o.s.i.c.PublishSubscribeChannel - Channel 'map-configcenter-1.errorChannel' has 1 subscriber(s).
2019-03-28T14:54:14.010 [main] [INFO] o.s.i.e.EventDrivenConsumer - started _org.springframework.integration.errorLogger
2019-03-28T14:54:14.010 [main] [INFO] o.s.c.s.DefaultLifecycleProcessor - Starting beans in phase 2147482647
2019-03-28T14:54:14.028 [main] [INFO] o.s.c.s.b.r.p.RabbitExchangeQueueProvisioner - declaring queue for inbound: springCloudBus.anonymous.iNASjnOSQDuiV15EB8FzYA, bound to: springCloudBus
2019-03-28T14:54:14.120 [main] [INFO] o.s.c.s.b.BinderErrorChannel - Channel 'map-configcenter-1.springCloudBus.anonymous.iNASjnOSQDuiV15EB8FzYA.errors' has 1 subscriber(s).
2019-03-28T14:54:14.121 [main] [INFO] o.s.c.s.b.BinderErrorChannel - Channel 'map-configcenter-1.springCloudBus.anonymous.iNASjnOSQDuiV15EB8FzYA.errors' has 2 subscriber(s).
2019-03-28T14:54:14.211 [main] [INFO] o.s.i.a.i.AmqpInboundChannelAdapter - started inbound.springCloudBus.anonymous.iNASjnOSQDuiV15EB8FzYA
2019-03-28T14:54:14.213 [main] [INFO] o.s.c.s.DefaultLifecycleProcessor - Starting beans in phase 2147483647
2019-03-28T14:54:14.237 [main] [INFO] c.i.c.c.MapConfigserverApplicationTests - Started MapConfigserverApplicationTests in 12.734 seconds (JVM running for 14.725)
2019-03-28T14:54:14.661 [Thread-9] [INFO] o.s.w.c.s.GenericWebApplicationContext - Closing org.springframework.web.context.support.GenericWebApplicationContext@36074e47: startup date [Thu Mar 28 14:54:04 CST 2019]; parent: org.springframework.context.annotation.AnnotationConfigApplicationContext@1e7aa82b
2019-03-28T14:54:14.663 [Thread-9] [INFO] o.s.c.a.AnnotationConfigApplicationContext - Closing org.springframework.context.annotation.AnnotationConfigApplicationContext@2fb48970: startup date [Thu Mar 28 14:54:13 CST 2019]; parent: org.springframework.web.context.support.GenericWebApplicationContext@36074e47
2019-03-28T14:54:14.667 [Thread-9] [INFO] o.s.c.s.DefaultLifecycleProcessor - Stopping beans in phase 2147483647
2019-03-28T14:54:14.667 [Thread-9] [INFO] o.s.c.s.DefaultLifecycleProcessor - Stopping beans in phase 2147482647
2019-03-28T14:54:14.674 [Thread-9] [INFO] o.s.a.r.l.SimpleMessageListenerContainer - Waiting for workers to finish.
2019-03-28T14:54:15.246 [Thread-9] [INFO] o.s.a.r.l.SimpleMessageListenerContainer - Successfully waited for workers to finish.
2019-03-28T14:54:15.246 [Thread-9] [INFO] o.s.i.a.i.AmqpInboundChannelAdapter - stopped inbound.springCloudBus.anonymous.iNASjnOSQDuiV15EB8FzYA
2019-03-28T14:54:15.248 [Thread-9] [INFO] o.s.c.s.b.BinderErrorChannel - Channel 'map-configcenter-1.springCloudBus.anonymous.iNASjnOSQDuiV15EB8FzYA.errors' has 1 subscriber(s).
2019-03-28T14:54:15.248 [Thread-9] [INFO] o.s.c.s.b.BinderErrorChannel - Channel 'map-configcenter-1.springCloudBus.anonymous.iNASjnOSQDuiV15EB8FzYA.errors' has 0 subscriber(s).
2019-03-28T14:54:15.249 [Thread-9] [INFO] o.s.c.s.DefaultLifecycleProcessor - Stopping beans in phase 0
2019-03-28T14:54:15.252 [Thread-9] [INFO] o.s.i.e.EventDrivenConsumer - Removing {logging-channel-adapter:_org.springframework.integration.errorLogger} as a subscriber to the 'errorChannel' channel
2019-03-28T14:54:15.252 [Thread-9] [INFO] o.s.i.c.PublishSubscribeChannel - Channel 'map-configcenter-1.errorChannel' has 0 subscriber(s).
2019-03-28T14:54:15.252 [Thread-9] [INFO] o.s.i.e.EventDrivenConsumer - stopped _org.springframework.integration.errorLogger
2019-03-28T14:54:15.252 [Thread-9] [INFO] o.s.c.s.DefaultLifecycleProcessor - Stopping beans in phase -2147482648
2019-03-28T14:54:15.254 [Thread-9] [INFO] o.s.s.c.ThreadPoolTaskScheduler - Shutting down ExecutorService 'catalogWatchTaskScheduler'
2019-03-28T14:54:15.255 [Thread-9] [INFO] o.s.s.c.ThreadPoolTaskScheduler - Shutting down ExecutorService 'taskScheduler'
2019-03-28T15:35:34.976 [main] [INFO] o.s.b.t.c.SpringBootTestContextBootstrapper - Neither @ContextConfiguration nor @ContextHierarchy found for test class [com.imap.cloud.configserver.MapConfigserverApplicationTests], using SpringBootContextLoader
2019-03-28T15:35:35.005 [main] [INFO] o.s.t.c.s.AbstractContextLoader - Could not detect default resource locations for test class [com.imap.cloud.configserver.MapConfigserverApplicationTests]: no resource found for suffixes {-context.xml, Context.groovy}.
2019-03-28T15:35:35.006 [main] [INFO] o.s.t.c.s.AnnotationConfigContextLoaderUtils - Could not detect default configuration classes for test class [com.imap.cloud.configserver.MapConfigserverApplicationTests]: MapConfigserverApplicationTests does not declare any static, non-private, non-final, nested classes annotated with @Configuration.
2019-03-28T15:35:35.542 [main] [INFO] o.s.b.t.c.SpringBootTestContextBootstrapper - Found @SpringBootConfiguration com.imap.cloud.configserver.MapConfigserverApplication for test class com.imap.cloud.configserver.MapConfigserverApplicationTests
2019-03-28T15:35:35.918 [main] [INFO] o.s.b.t.c.SpringBootTestContextBootstrapper - Loaded default TestExecutionListener class names from location [META-INF/spring.factories]: [org.springframework.boot.test.mock.mockito.MockitoTestExecutionListener, org.springframework.boot.test.mock.mockito.ResetMocksTestExecutionListener, org.springframework.boot.test.autoconfigure.restdocs.RestDocsTestExecutionListener, org.springframework.boot.test.autoconfigure.web.client.MockRestServiceServerResetTestExecutionListener, org.springframework.boot.test.autoconfigure.web.servlet.MockMvcPrintOnlyOnFailureTestExecutionListener, org.springframework.boot.test.autoconfigure.web.servlet.WebDriverTestExecutionListener, org.springframework.test.context.web.ServletTestExecutionListener, org.springframework.test.context.support.DirtiesContextBeforeModesTestExecutionListener, org.springframework.test.context.support.DependencyInjectionTestExecutionListener, org.springframework.test.context.support.DirtiesContextTestExecutionListener, org.springframework.test.context.transaction.TransactionalTestExecutionListener, org.springframework.test.context.jdbc.SqlScriptsTestExecutionListener]
2019-03-28T15:35:36.193 [main] [INFO] o.s.b.t.c.SpringBootTestContextBootstrapper - Using TestExecutionListeners: [org.springframework.test.context.web.ServletTestExecutionListener@6e01f9b0, org.springframework.test.context.support.DirtiesContextBeforeModesTestExecutionListener@2b9ed6da, org.springframework.boot.test.mock.mockito.MockitoTestExecutionListener@6c61a903, org.springframework.boot.test.autoconfigure.SpringBootDependencyInjectionTestExecutionListener@658c5a19, org.springframework.test.context.support.DirtiesContextTestExecutionListener@421e361, org.springframework.test.context.transaction.TransactionalTestExecutionListener@59d4cd39, org.springframework.test.context.jdbc.SqlScriptsTestExecutionListener@389c4eb1, org.springframework.boot.test.mock.mockito.ResetMocksTestExecutionListener@3fc79729, org.springframework.boot.test.autoconfigure.restdocs.RestDocsTestExecutionListener@34f6515b, org.springframework.boot.test.autoconfigure.web.client.MockRestServiceServerResetTestExecutionListener@4b34fff9, org.springframework.boot.test.autoconfigure.web.servlet.MockMvcPrintOnlyOnFailureTestExecutionListener@1187c9e8, org.springframework.boot.test.autoconfigure.web.servlet.WebDriverTestExecutionListener@127a7a2e]
2019-03-28T15:35:38.035 [main] [INFO] o.s.c.a.AnnotationConfigApplicationContext - Refreshing org.springframework.context.annotation.AnnotationConfigApplicationContext@c1bd0be: startup date [Thu Mar 28 15:35:38 CST 2019]; root of context hierarchy
2019-03-28T15:35:38.485 [main] [INFO] o.s.b.f.a.AutowiredAnnotationBeanPostProcessor - JSR-330 'javax.inject.Inject' annotation found and supported for autowiring
2019-03-28T15:35:38.529 [main] [INFO] o.s.c.s.PostProcessorRegistrationDelegate$BeanPostProcessorChecker - Bean 'configurationPropertiesRebinderAutoConfiguration' of type [org.springframework.cloud.autoconfigure.ConfigurationPropertiesRebinderAutoConfiguration$$EnhancerBySpringCGLIB$$4a83a3bd] is not eligible for getting processed by all BeanPostProcessors (for example: not eligible for auto-proxying)
2019-03-28T15:35:39.671 [main] [INFO] c.i.c.c.MapConfigserverApplicationTests - No active profile set, falling back to default profiles: default
2019-03-28T15:35:39.685 [main] [INFO] o.s.w.c.s.GenericWebApplicationContext - Refreshing org.springframework.web.context.support.GenericWebApplicationContext@66eb985d: startup date [Thu Mar 28 15:35:39 CST 2019]; parent: org.springframework.context.annotation.AnnotationConfigApplicationContext@c1bd0be
2019-03-28T15:35:41.936 [main] [INFO] o.s.i.c.IntegrationRegistrar - No bean named 'integrationHeaderChannelRegistry' has been explicitly defined. Therefore, a default DefaultHeaderChannelRegistry will be created.
2019-03-28T15:35:42.078 [main] [INFO] o.s.c.a.ConfigurationClassBeanDefinitionReader - Skipping bean definition for [BeanMethod:name=configurableCompositeMessageConverter,declaringClass=org.springframework.cloud.stream.config.ContentTypeConfiguration]: a definition for bean 'integrationArgumentResolverMessageConverter' already exists. This top-level bean definition is considered as an override.
2019-03-28T15:35:43.087 [main] [INFO] o.s.c.c.s.GenericScope - BeanFactory id=e73a0587-b2ac-35ac-a974-70589e552b9e
2019-03-28T15:35:43.169 [main] [INFO] o.s.i.c.DefaultConfiguringBeanFactoryPostProcessor - No bean named 'errorChannel' has been explicitly defined. Therefore, a default PublishSubscribeChannel will be created.
2019-03-28T15:35:43.171 [main] [INFO] o.s.i.c.DefaultConfiguringBeanFactoryPostProcessor - No bean named 'taskScheduler' has been explicitly defined. Therefore, a default ThreadPoolTaskScheduler will be created.
2019-03-28T15:35:43.213 [main] [INFO] o.s.b.f.a.AutowiredAnnotationBeanPostProcessor - JSR-330 'javax.inject.Inject' annotation found and supported for autowiring
2019-03-28T15:35:43.310 [main] [INFO] o.s.c.s.PostProcessorRegistrationDelegate$BeanPostProcessorChecker - Bean 'org.springframework.amqp.rabbit.annotation.RabbitBootstrapConfiguration' of type [org.springframework.amqp.rabbit.annotation.RabbitBootstrapConfiguration$$EnhancerBySpringCGLIB$$f4d55eee] is not eligible for getting processed by all BeanPostProcessors (for example: not eligible for auto-proxying)
2019-03-28T15:35:43.513 [main] [INFO] o.s.c.s.PostProcessorRegistrationDelegate$BeanPostProcessorChecker - Bean 'org.springframework.retry.annotation.RetryConfiguration' of type [org.springframework.retry.annotation.RetryConfiguration$$EnhancerBySpringCGLIB$$242d38e5] is not eligible for getting processed by all BeanPostProcessors (for example: not eligible for auto-proxying)
2019-03-28T15:35:43.583 [main] [INFO] o.s.c.s.PostProcessorRegistrationDelegate$BeanPostProcessorChecker - Bean 'org.springframework.integration.config.IntegrationManagementConfiguration' of type [org.springframework.integration.config.IntegrationManagementConfiguration$$EnhancerBySpringCGLIB$$995b5bef] is not eligible for getting processed by all BeanPostProcessors (for example: not eligible for auto-proxying)
2019-03-28T15:35:43.790 [main] [INFO] o.s.c.s.PostProcessorRegistrationDelegate$BeanPostProcessorChecker - Bean 'org.springframework.cloud.autoconfigure.ConfigurationPropertiesRebinderAutoConfiguration' of type [org.springframework.cloud.autoconfigure.ConfigurationPropertiesRebinderAutoConfiguration$$EnhancerBySpringCGLIB$$4a83a3bd] is not eligible for getting processed by all BeanPostProcessors (for example: not eligible for auto-proxying)
2019-03-28T15:35:46.315 [main] [WARN] c.n.c.s.URLConfigurationSource - No URLs will be polled as dynamic configuration sources.
2019-03-28T15:35:46.315 [main] [INFO] c.n.c.s.URLConfigurationSource - To enable URLs as dynamic configuration sources, define System property archaius.configurationSource.additionalUrls or make config.properties available on classpath.
2019-03-28T15:35:46.334 [main] [WARN] c.n.c.s.URLConfigurationSource - No URLs will be polled as dynamic configuration sources.
2019-03-28T15:35:46.334 [main] [INFO] c.n.c.s.URLConfigurationSource - To enable URLs as dynamic configuration sources, define System property archaius.configurationSource.additionalUrls or make config.properties available on classpath.
2019-03-28T15:35:46.720 [main] [INFO] o.s.w.s.h.SimpleUrlHandlerMapping - Mapped URL path [/**/favicon.ico] onto handler of type [class org.springframework.web.servlet.resource.ResourceHttpRequestHandler]
2019-03-28T15:35:46.918 [main] [INFO] o.s.w.s.m.m.a.RequestMappingHandlerAdapter - Looking for @ControllerAdvice: org.springframework.web.context.support.GenericWebApplicationContext@66eb985d: startup date [Thu Mar 28 15:35:39 CST 2019]; parent: org.springframework.context.annotation.AnnotationConfigApplicationContext@c1bd0be
2019-03-28T15:35:47.059 [main] [INFO] o.s.w.s.m.m.a.RequestMappingHandlerMapping - Mapped "{[/error]}" onto public org.springframework.http.ResponseEntity<java.util.Map<java.lang.String, java.lang.Object>> org.springframework.boot.autoconfigure.web.servlet.error.BasicErrorController.error(javax.servlet.http.HttpServletRequest)
2019-03-28T15:35:47.060 [main] [INFO] o.s.w.s.m.m.a.RequestMappingHandlerMapping - Mapped "{[/error],produces=[text/html]}" onto public org.springframework.web.servlet.ModelAndView org.springframework.boot.autoconfigure.web.servlet.error.BasicErrorController.errorHtml(javax.servlet.http.HttpServletRequest,javax.servlet.http.HttpServletResponse)
2019-03-28T15:35:47.070 [main] [INFO] o.s.w.s.m.m.a.RequestMappingHandlerMapping - Mapped "{[/encrypt],methods=[POST]}" onto public java.lang.String org.springframework.cloud.config.server.encryption.EncryptionController.encrypt(java.lang.String,org.springframework.http.MediaType)
2019-03-28T15:35:47.070 [main] [INFO] o.s.w.s.m.m.a.RequestMappingHandlerMapping - Mapped "{[/encrypt/{name}/{profiles}],methods=[POST]}" onto public java.lang.String org.springframework.cloud.config.server.encryption.EncryptionController.encrypt(java.lang.String,java.lang.String,java.lang.String,org.springframework.http.MediaType)
2019-03-28T15:35:47.070 [main] [INFO] o.s.w.s.m.m.a.RequestMappingHandlerMapping - Mapped "{[/decrypt/{name}/{profiles}],methods=[POST]}" onto public java.lang.String org.springframework.cloud.config.server.encryption.EncryptionController.decrypt(java.lang.String,java.lang.String,java.lang.String,org.springframework.http.MediaType)
2019-03-28T15:35:47.071 [main] [INFO] o.s.w.s.m.m.a.RequestMappingHandlerMapping - Mapped "{[/decrypt],methods=[POST]}" onto public java.lang.String org.springframework.cloud.config.server.encryption.EncryptionController.decrypt(java.lang.String,org.springframework.http.MediaType)
2019-03-28T15:35:47.071 [main] [INFO] o.s.w.s.m.m.a.RequestMappingHandlerMapping - Mapped "{[/encrypt/status],methods=[GET]}" onto public java.util.Map<java.lang.String, java.lang.Object> org.springframework.cloud.config.server.encryption.EncryptionController.status()
2019-03-28T15:35:47.071 [main] [INFO] o.s.w.s.m.m.a.RequestMappingHandlerMapping - Mapped "{[/key/{name}/{profiles}],methods=[GET]}" onto public java.lang.String org.springframework.cloud.config.server.encryption.EncryptionController.getPublicKey(java.lang.String,java.lang.String)
2019-03-28T15:35:47.072 [main] [INFO] o.s.w.s.m.m.a.RequestMappingHandlerMapping - Mapped "{[/key],methods=[GET]}" onto public java.lang.String org.springframework.cloud.config.server.encryption.EncryptionController.getPublicKey()
2019-03-28T15:35:47.078 [main] [INFO] o.s.w.s.m.m.a.RequestMappingHandlerMapping - Mapped "{[/{name}-{profiles}.properties],methods=[GET]}" onto public org.springframework.http.ResponseEntity<java.lang.String> org.springframework.cloud.config.server.environment.EnvironmentController.properties(java.lang.String,java.lang.String,boolean) throws java.io.IOException
2019-03-28T15:35:47.079 [main] [INFO] o.s.w.s.m.m.a.RequestMappingHandlerMapping - Mapped "{[/{name}/{profiles:.*[^-].*}],methods=[GET]}" onto public org.springframework.cloud.config.environment.Environment org.springframework.cloud.config.server.environment.EnvironmentController.defaultLabel(java.lang.String,java.lang.String)
2019-03-28T15:35:47.079 [main] [INFO] o.s.w.s.m.m.a.RequestMappingHandlerMapping - Mapped "{[/{name}-{profiles}.yml || /{name}-{profiles}.yaml],methods=[GET]}" onto public org.springframework.http.ResponseEntity<java.lang.String> org.springframework.cloud.config.server.environment.EnvironmentController.yaml(java.lang.String,java.lang.String,boolean) throws java.lang.Exception
2019-03-28T15:35:47.079 [main] [INFO] o.s.w.s.m.m.a.RequestMappingHandlerMapping - Mapped "{[/{name}/{profiles}/{label:.*}],methods=[GET]}" onto public org.springframework.cloud.config.environment.Environment org.springframework.cloud.config.server.environment.EnvironmentController.labelled(java.lang.String,java.lang.String,java.lang.String)
2019-03-28T15:35:47.080 [main] [INFO] o.s.w.s.m.m.a.RequestMappingHandlerMapping - Mapped "{[/{name}-{profiles}.json],methods=[GET]}" onto public org.springframework.http.ResponseEntity<java.lang.String> org.springframework.cloud.config.server.environment.EnvironmentController.jsonProperties(java.lang.String,java.lang.String,boolean) throws java.lang.Exception
2019-03-28T15:35:47.080 [main] [INFO] o.s.w.s.m.m.a.RequestMappingHandlerMapping - Mapped "{[/{label}/{name}-{profiles}.yml || /{label}/{name}-{profiles}.yaml],methods=[GET]}" onto public org.springframework.http.ResponseEntity<java.lang.String> org.springframework.cloud.config.server.environment.EnvironmentController.labelledYaml(java.lang.String,java.lang.String,java.lang.String,boolean) throws java.lang.Exception
2019-03-28T15:35:47.080 [main] [INFO] o.s.w.s.m.m.a.RequestMappingHandlerMapping - Mapped "{[/{label}/{name}-{profiles}.properties],methods=[GET]}" onto public org.springframework.http.ResponseEntity<java.lang.String> org.springframework.cloud.config.server.environment.EnvironmentController.labelledProperties(java.lang.String,java.lang.String,java.lang.String,boolean) throws java.io.IOException
2019-03-28T15:35:47.081 [main] [INFO] o.s.w.s.m.m.a.RequestMappingHandlerMapping - Mapped "{[/{label}/{name}-{profiles}.json],methods=[GET]}" onto public org.springframework.http.ResponseEntity<java.lang.String> org.springframework.cloud.config.server.environment.EnvironmentController.labelledJsonProperties(java.lang.String,java.lang.String,java.lang.String,boolean) throws java.lang.Exception
2019-03-28T15:35:47.086 [main] [INFO] o.s.w.s.m.m.a.RequestMappingHandlerMapping - Mapped "{[/{name}/{profile}/{label}/**],methods=[GET],produces=[application/octet-stream]}" onto public synchronized byte[] org.springframework.cloud.config.server.resource.ResourceController.binary(java.lang.String,java.lang.String,java.lang.String,javax.servlet.http.HttpServletRequest) throws java.io.IOException
2019-03-28T15:35:47.086 [main] [INFO] o.s.w.s.m.m.a.RequestMappingHandlerMapping - Mapped "{[/{name}/{profile}/{label}/**],methods=[GET]}" onto public java.lang.String org.springframework.cloud.config.server.resource.ResourceController.retrieve(java.lang.String,java.lang.String,java.lang.String,javax.servlet.http.HttpServletRequest,boolean) throws java.io.IOException
2019-03-28T15:35:47.086 [main] [INFO] o.s.w.s.m.m.a.RequestMappingHandlerMapping - Mapped "{[/{name}/{profile}/**],methods=[GET],params=[useDefaultLabel]}" onto public java.lang.String org.springframework.cloud.config.server.resource.ResourceController.retrieve(java.lang.String,java.lang.String,javax.servlet.http.HttpServletRequest,boolean) throws java.io.IOException
2019-03-28T15:35:47.140 [main] [INFO] o.s.w.s.h.SimpleUrlHandlerMapping - Mapped URL path [/webjars/**] onto handler of type [class org.springframework.web.servlet.resource.ResourceHttpRequestHandler]
2019-03-28T15:35:47.140 [main] [INFO] o.s.w.s.h.SimpleUrlHandlerMapping - Mapped URL path [/**] onto handler of type [class org.springframework.web.servlet.resource.ResourceHttpRequestHandler]
2019-03-28T15:35:49.742 [main] [INFO] o.s.s.c.ThreadPoolTaskScheduler - Initializing ExecutorService  'taskScheduler'
2019-03-28T15:35:50.729 [main] [INFO] o.s.s.c.ThreadPoolTaskScheduler - Initializing ExecutorService  'catalogWatchTaskScheduler'
2019-03-28T15:35:51.291 [main] [INFO] o.s.b.a.e.w.EndpointLinksResolver - Exposing 5 endpoint(s) beneath base path '/actuator'
2019-03-28T15:35:51.310 [main] [INFO] o.s.b.a.e.w.s.WebMvcEndpointHandlerMapping - Mapped "{[/actuator/health],methods=[GET],produces=[application/vnd.spring-boot.actuator.v2+json || application/json]}" onto public java.lang.Object org.springframework.boot.actuate.endpoint.web.servlet.AbstractWebMvcEndpointHandlerMapping$OperationHandler.handle(javax.servlet.http.HttpServletRequest,java.util.Map<java.lang.String, java.lang.String>)
2019-03-28T15:35:51.312 [main] [INFO] o.s.b.a.e.w.s.WebMvcEndpointHandlerMapping - Mapped "{[/actuator/refresh],methods=[POST],produces=[application/vnd.spring-boot.actuator.v2+json || application/json]}" onto public java.lang.Object org.springframework.boot.actuate.endpoint.web.servlet.AbstractWebMvcEndpointHandlerMapping$OperationHandler.handle(javax.servlet.http.HttpServletRequest,java.util.Map<java.lang.String, java.lang.String>)
2019-03-28T15:35:51.312 [main] [INFO] o.s.b.a.e.w.s.WebMvcEndpointHandlerMapping - Mapped "{[/actuator/bus-refresh],methods=[POST]}" onto public java.lang.Object org.springframework.boot.actuate.endpoint.web.servlet.AbstractWebMvcEndpointHandlerMapping$OperationHandler.handle(javax.servlet.http.HttpServletRequest,java.util.Map<java.lang.String, java.lang.String>)
2019-03-28T15:35:51.312 [main] [INFO] o.s.b.a.e.w.s.WebMvcEndpointHandlerMapping - Mapped "{[/actuator/bus-refresh/{destination}],methods=[POST]}" onto public java.lang.Object org.springframework.boot.actuate.endpoint.web.servlet.AbstractWebMvcEndpointHandlerMapping$OperationHandler.handle(javax.servlet.http.HttpServletRequest,java.util.Map<java.lang.String, java.lang.String>)
2019-03-28T15:35:51.313 [main] [INFO] o.s.b.a.e.w.s.WebMvcEndpointHandlerMapping - Mapped "{[/actuator/service-registry],methods=[POST],consumes=[application/vnd.spring-boot.actuator.v2+json || application/json],produces=[application/vnd.spring-boot.actuator.v2+json || application/json]}" onto public java.lang.Object org.springframework.boot.actuate.endpoint.web.servlet.AbstractWebMvcEndpointHandlerMapping$OperationHandler.handle(javax.servlet.http.HttpServletRequest,java.util.Map<java.lang.String, java.lang.String>)
2019-03-28T15:35:51.313 [main] [INFO] o.s.b.a.e.w.s.WebMvcEndpointHandlerMapping - Mapped "{[/actuator/service-registry],methods=[GET],produces=[application/vnd.spring-boot.actuator.v2+json || application/json]}" onto public java.lang.Object org.springframework.boot.actuate.endpoint.web.servlet.AbstractWebMvcEndpointHandlerMapping$OperationHandler.handle(javax.servlet.http.HttpServletRequest,java.util.Map<java.lang.String, java.lang.String>)
2019-03-28T15:35:51.314 [main] [INFO] o.s.b.a.e.w.s.WebMvcEndpointHandlerMapping - Mapped "{[/actuator/consul],methods=[GET],produces=[application/vnd.spring-boot.actuator.v2+json || application/json]}" onto public java.lang.Object org.springframework.boot.actuate.endpoint.web.servlet.AbstractWebMvcEndpointHandlerMapping$OperationHandler.handle(javax.servlet.http.HttpServletRequest,java.util.Map<java.lang.String, java.lang.String>)
2019-03-28T15:35:51.315 [main] [INFO] o.s.b.a.e.w.s.WebMvcEndpointHandlerMapping - Mapped "{[/actuator],methods=[GET],produces=[application/vnd.spring-boot.actuator.v2+json || application/json]}" onto protected java.util.Map<java.lang.String, java.util.Map<java.lang.String, org.springframework.boot.actuate.endpoint.web.Link>> org.springframework.boot.actuate.endpoint.web.servlet.WebMvcEndpointHandlerMapping.links(javax.servlet.http.HttpServletRequest,javax.servlet.http.HttpServletResponse)
2019-03-28T15:35:51.601 [main] [INFO] o.s.i.c.DirectChannel - Channel 'map-configcenter-1.springCloudBusInput' has 1 subscriber(s).
2019-03-28T15:35:51.615 [main] [INFO] o.s.c.s.DefaultLifecycleProcessor - Starting beans in phase -2147482648
2019-03-28T15:35:52.104 [main] [INFO] o.s.c.a.AnnotationConfigApplicationContext - Refreshing org.springframework.context.annotation.AnnotationConfigApplicationContext@550fa96f: startup date [Thu Mar 28 15:35:52 CST 2019]; parent: org.springframework.web.context.support.GenericWebApplicationContext@66eb985d
2019-03-28T15:35:52.235 [main] [INFO] o.s.b.f.a.AutowiredAnnotationBeanPostProcessor - JSR-330 'javax.inject.Inject' annotation found and supported for autowiring
2019-03-28T15:35:52.294 [main] [INFO] o.s.c.s.GenericApplicationContext - Refreshing org.springframework.context.support.GenericApplicationContext@1bbb42b4: startup date [Thu Mar 28 15:35:52 CST 2019]; root of context hierarchy
2019-03-28T15:35:52.399 [main] [INFO] o.s.a.r.c.CachingConnectionFactory - Attempting to connect to: [127.0.0.1:5672]
2019-03-28T15:35:52.507 [main] [INFO] o.s.a.r.c.CachingConnectionFactory - Created new connection: rabbitConnectionFactory#35563e4c:0/SimpleConnection@15cee630 [delegate=amqp://guest@127.0.0.1:5672/, localPort= 61959]
2019-03-28T15:35:52.677 [main] [INFO] o.s.i.c.DirectChannel - Channel 'map-configcenter-1.springCloudBusOutput' has 1 subscriber(s).
2019-03-28T15:35:52.679 [main] [INFO] o.s.c.s.DefaultLifecycleProcessor - Starting beans in phase 0
2019-03-28T15:35:52.694 [main] [INFO] o.s.i.e.EventDrivenConsumer - Adding {logging-channel-adapter:_org.springframework.integration.errorLogger} as a subscriber to the 'errorChannel' channel
2019-03-28T15:35:52.694 [main] [INFO] o.s.i.c.PublishSubscribeChannel - Channel 'map-configcenter-1.errorChannel' has 1 subscriber(s).
2019-03-28T15:35:52.694 [main] [INFO] o.s.i.e.EventDrivenConsumer - started _org.springframework.integration.errorLogger
2019-03-28T15:35:52.694 [main] [INFO] o.s.c.s.DefaultLifecycleProcessor - Starting beans in phase 2147482647
2019-03-28T15:35:52.737 [main] [INFO] o.s.c.s.b.r.p.RabbitExchangeQueueProvisioner - declaring queue for inbound: springCloudBus.anonymous.SV56OGAKSgCJsTIx7vWiSA, bound to: springCloudBus
2019-03-28T15:35:53.775 [main] [INFO] o.s.c.s.b.BinderErrorChannel - Channel 'map-configcenter-1.springCloudBus.anonymous.SV56OGAKSgCJsTIx7vWiSA.errors' has 1 subscriber(s).
2019-03-28T15:35:53.776 [main] [INFO] o.s.c.s.b.BinderErrorChannel - Channel 'map-configcenter-1.springCloudBus.anonymous.SV56OGAKSgCJsTIx7vWiSA.errors' has 2 subscriber(s).
2019-03-28T15:35:53.817 [main] [INFO] o.s.i.a.i.AmqpInboundChannelAdapter - started inbound.springCloudBus.anonymous.SV56OGAKSgCJsTIx7vWiSA
2019-03-28T15:35:53.818 [main] [INFO] o.s.c.s.DefaultLifecycleProcessor - Starting beans in phase 2147483647
2019-03-28T15:35:53.837 [main] [INFO] c.i.c.c.MapConfigserverApplicationTests - Started MapConfigserverApplicationTests in 17.449 seconds (JVM running for 20.223)
2019-03-28T15:35:54.199 [Thread-9] [INFO] o.s.w.c.s.GenericWebApplicationContext - Closing org.springframework.web.context.support.GenericWebApplicationContext@66eb985d: startup date [Thu Mar 28 15:35:39 CST 2019]; parent: org.springframework.context.annotation.AnnotationConfigApplicationContext@c1bd0be
2019-03-28T15:35:54.201 [Thread-9] [INFO] o.s.c.a.AnnotationConfigApplicationContext - Closing org.springframework.context.annotation.AnnotationConfigApplicationContext@550fa96f: startup date [Thu Mar 28 15:35:52 CST 2019]; parent: org.springframework.web.context.support.GenericWebApplicationContext@66eb985d
2019-03-28T15:35:54.205 [Thread-9] [INFO] o.s.c.s.DefaultLifecycleProcessor - Stopping beans in phase 2147483647
2019-03-28T15:35:54.206 [Thread-9] [INFO] o.s.c.s.DefaultLifecycleProcessor - Stopping beans in phase 2147482647
2019-03-28T15:35:54.380 [Thread-9] [INFO] o.s.a.r.l.SimpleMessageListenerContainer - Waiting for workers to finish.
2019-03-28T15:35:54.826 [Thread-9] [INFO] o.s.a.r.l.SimpleMessageListenerContainer - Successfully waited for workers to finish.
2019-03-28T15:35:54.826 [Thread-9] [INFO] o.s.i.a.i.AmqpInboundChannelAdapter - stopped inbound.springCloudBus.anonymous.SV56OGAKSgCJsTIx7vWiSA
2019-03-28T15:35:54.828 [Thread-9] [INFO] o.s.c.s.b.BinderErrorChannel - Channel 'map-configcenter-1.springCloudBus.anonymous.SV56OGAKSgCJsTIx7vWiSA.errors' has 1 subscriber(s).
2019-03-28T15:35:54.828 [Thread-9] [INFO] o.s.c.s.b.BinderErrorChannel - Channel 'map-configcenter-1.springCloudBus.anonymous.SV56OGAKSgCJsTIx7vWiSA.errors' has 0 subscriber(s).
2019-03-28T15:35:54.829 [Thread-9] [INFO] o.s.c.s.DefaultLifecycleProcessor - Stopping beans in phase 0
2019-03-28T15:35:54.832 [Thread-9] [INFO] o.s.i.e.EventDrivenConsumer - Removing {logging-channel-adapter:_org.springframework.integration.errorLogger} as a subscriber to the 'errorChannel' channel
2019-03-28T15:35:54.832 [Thread-9] [INFO] o.s.i.c.PublishSubscribeChannel - Channel 'map-configcenter-1.errorChannel' has 0 subscriber(s).
2019-03-28T15:35:54.832 [Thread-9] [INFO] o.s.i.e.EventDrivenConsumer - stopped _org.springframework.integration.errorLogger
2019-03-28T15:35:54.832 [Thread-9] [INFO] o.s.c.s.DefaultLifecycleProcessor - Stopping beans in phase -2147482648
2019-03-28T15:35:54.834 [Thread-9] [INFO] o.s.s.c.ThreadPoolTaskScheduler - Shutting down ExecutorService 'catalogWatchTaskScheduler'
2019-03-28T15:35:54.835 [Thread-9] [INFO] o.s.s.c.ThreadPoolTaskScheduler - Shutting down ExecutorService 'taskScheduler'
2019-03-28T15:40:13.700 [main] [INFO] o.s.b.t.c.SpringBootTestContextBootstrapper - Neither @ContextConfiguration nor @ContextHierarchy found for test class [com.imap.cloud.configserver.MapConfigserverApplicationTests], using SpringBootContextLoader
2019-03-28T15:40:13.718 [main] [INFO] o.s.t.c.s.AbstractContextLoader - Could not detect default resource locations for test class [com.imap.cloud.configserver.MapConfigserverApplicationTests]: no resource found for suffixes {-context.xml, Context.groovy}.
2019-03-28T15:40:13.719 [main] [INFO] o.s.t.c.s.AnnotationConfigContextLoaderUtils - Could not detect default configuration classes for test class [com.imap.cloud.configserver.MapConfigserverApplicationTests]: MapConfigserverApplicationTests does not declare any static, non-private, non-final, nested classes annotated with @Configuration.
2019-03-28T15:40:14.158 [main] [INFO] o.s.b.t.c.SpringBootTestContextBootstrapper - Found @SpringBootConfiguration com.imap.cloud.configserver.MapConfigserverApplication for test class com.imap.cloud.configserver.MapConfigserverApplicationTests
2019-03-28T15:40:14.596 [main] [INFO] o.s.b.t.c.SpringBootTestContextBootstrapper - Loaded default TestExecutionListener class names from location [META-INF/spring.factories]: [org.springframework.boot.test.mock.mockito.MockitoTestExecutionListener, org.springframework.boot.test.mock.mockito.ResetMocksTestExecutionListener, org.springframework.boot.test.autoconfigure.restdocs.RestDocsTestExecutionListener, org.springframework.boot.test.autoconfigure.web.client.MockRestServiceServerResetTestExecutionListener, org.springframework.boot.test.autoconfigure.web.servlet.MockMvcPrintOnlyOnFailureTestExecutionListener, org.springframework.boot.test.autoconfigure.web.servlet.WebDriverTestExecutionListener, org.springframework.test.context.web.ServletTestExecutionListener, org.springframework.test.context.support.DirtiesContextBeforeModesTestExecutionListener, org.springframework.test.context.support.DependencyInjectionTestExecutionListener, org.springframework.test.context.support.DirtiesContextTestExecutionListener, org.springframework.test.context.transaction.TransactionalTestExecutionListener, org.springframework.test.context.jdbc.SqlScriptsTestExecutionListener]
2019-03-28T15:40:17.591 [main] [INFO] o.s.b.t.c.SpringBootTestContextBootstrapper - Using TestExecutionListeners: [org.springframework.test.context.web.ServletTestExecutionListener@59d4cd39, org.springframework.test.context.support.DirtiesContextBeforeModesTestExecutionListener@389c4eb1, org.springframework.boot.test.mock.mockito.MockitoTestExecutionListener@3fc79729, org.springframework.boot.test.autoconfigure.SpringBootDependencyInjectionTestExecutionListener@34f6515b, org.springframework.test.context.support.DirtiesContextTestExecutionListener@4b34fff9, org.springframework.test.context.transaction.TransactionalTestExecutionListener@1187c9e8, org.springframework.test.context.jdbc.SqlScriptsTestExecutionListener@127a7a2e, org.springframework.boot.test.mock.mockito.ResetMocksTestExecutionListener@14008db3, org.springframework.boot.test.autoconfigure.restdocs.RestDocsTestExecutionListener@78a773fd, org.springframework.boot.test.autoconfigure.web.client.MockRestServiceServerResetTestExecutionListener@57c03d88, org.springframework.boot.test.autoconfigure.web.servlet.MockMvcPrintOnlyOnFailureTestExecutionListener@16aa8654, org.springframework.boot.test.autoconfigure.web.servlet.WebDriverTestExecutionListener@6d7fc27]
2019-03-28T15:40:20.030 [main] [INFO] o.s.c.a.AnnotationConfigApplicationContext - Refreshing org.springframework.context.annotation.AnnotationConfigApplicationContext@6da00fb9: startup date [Thu Mar 28 15:40:20 CST 2019]; root of context hierarchy
2019-03-28T15:40:21.016 [main] [INFO] o.s.b.f.a.AutowiredAnnotationBeanPostProcessor - JSR-330 'javax.inject.Inject' annotation found and supported for autowiring
2019-03-28T15:40:21.062 [main] [INFO] o.s.c.s.PostProcessorRegistrationDelegate$BeanPostProcessorChecker - Bean 'configurationPropertiesRebinderAutoConfiguration' of type [org.springframework.cloud.autoconfigure.ConfigurationPropertiesRebinderAutoConfiguration$$EnhancerBySpringCGLIB$$8745d6fb] is not eligible for getting processed by all BeanPostProcessors (for example: not eligible for auto-proxying)
2019-03-28T15:40:22.345 [main] [INFO] c.i.c.c.MapConfigserverApplicationTests - No active profile set, falling back to default profiles: default
2019-03-28T15:40:22.352 [main] [INFO] o.s.w.c.s.GenericWebApplicationContext - Refreshing org.springframework.web.context.support.GenericWebApplicationContext@81ff872: startup date [Thu Mar 28 15:40:22 CST 2019]; parent: org.springframework.context.annotation.AnnotationConfigApplicationContext@6da00fb9
2019-03-28T15:40:25.362 [main] [INFO] o.s.i.c.IntegrationRegistrar - No bean named 'integrationHeaderChannelRegistry' has been explicitly defined. Therefore, a default DefaultHeaderChannelRegistry will be created.
2019-03-28T15:40:25.548 [main] [INFO] o.s.c.a.ConfigurationClassBeanDefinitionReader - Skipping bean definition for [BeanMethod:name=configurableCompositeMessageConverter,declaringClass=org.springframework.cloud.stream.config.ContentTypeConfiguration]: a definition for bean 'integrationArgumentResolverMessageConverter' already exists. This top-level bean definition is considered as an override.
2019-03-28T15:40:26.617 [main] [INFO] o.s.c.c.s.GenericScope - BeanFactory id=e73a0587-b2ac-35ac-a974-70589e552b9e
2019-03-28T15:40:26.770 [main] [INFO] o.s.i.c.DefaultConfiguringBeanFactoryPostProcessor - No bean named 'errorChannel' has been explicitly defined. Therefore, a default PublishSubscribeChannel will be created.
2019-03-28T15:40:26.790 [main] [INFO] o.s.i.c.DefaultConfiguringBeanFactoryPostProcessor - No bean named 'taskScheduler' has been explicitly defined. Therefore, a default ThreadPoolTaskScheduler will be created.
2019-03-28T15:40:26.865 [main] [INFO] o.s.b.f.a.AutowiredAnnotationBeanPostProcessor - JSR-330 'javax.inject.Inject' annotation found and supported for autowiring
2019-03-28T15:40:26.968 [main] [INFO] o.s.c.s.PostProcessorRegistrationDelegate$BeanPostProcessorChecker - Bean 'org.springframework.amqp.rabbit.annotation.RabbitBootstrapConfiguration' of type [org.springframework.amqp.rabbit.annotation.RabbitBootstrapConfiguration$$EnhancerBySpringCGLIB$$3197922c] is not eligible for getting processed by all BeanPostProcessors (for example: not eligible for auto-proxying)
2019-03-28T15:40:27.300 [main] [INFO] o.s.c.s.PostProcessorRegistrationDelegate$BeanPostProcessorChecker - Bean 'org.springframework.retry.annotation.RetryConfiguration' of type [org.springframework.retry.annotation.RetryConfiguration$$EnhancerBySpringCGLIB$$60ef6c23] is not eligible for getting processed by all BeanPostProcessors (for example: not eligible for auto-proxying)
2019-03-28T15:40:27.387 [main] [INFO] o.s.c.s.PostProcessorRegistrationDelegate$BeanPostProcessorChecker - Bean 'org.springframework.integration.config.IntegrationManagementConfiguration' of type [org.springframework.integration.config.IntegrationManagementConfiguration$$EnhancerBySpringCGLIB$$d61d8f2d] is not eligible for getting processed by all BeanPostProcessors (for example: not eligible for auto-proxying)
2019-03-28T15:40:27.488 [main] [INFO] o.s.c.s.PostProcessorRegistrationDelegate$BeanPostProcessorChecker - Bean 'org.springframework.cloud.autoconfigure.ConfigurationPropertiesRebinderAutoConfiguration' of type [org.springframework.cloud.autoconfigure.ConfigurationPropertiesRebinderAutoConfiguration$$EnhancerBySpringCGLIB$$8745d6fb] is not eligible for getting processed by all BeanPostProcessors (for example: not eligible for auto-proxying)
2019-03-28T15:40:30.659 [main] [WARN] c.n.c.s.URLConfigurationSource - No URLs will be polled as dynamic configuration sources.
2019-03-28T15:40:30.660 [main] [INFO] c.n.c.s.URLConfigurationSource - To enable URLs as dynamic configuration sources, define System property archaius.configurationSource.additionalUrls or make config.properties available on classpath.
2019-03-28T15:40:30.671 [main] [WARN] c.n.c.s.URLConfigurationSource - No URLs will be polled as dynamic configuration sources.
2019-03-28T15:40:30.672 [main] [INFO] c.n.c.s.URLConfigurationSource - To enable URLs as dynamic configuration sources, define System property archaius.configurationSource.additionalUrls or make config.properties available on classpath.
2019-03-28T15:40:32.262 [main] [INFO] o.s.w.s.h.SimpleUrlHandlerMapping - Mapped URL path [/**/favicon.ico] onto handler of type [class org.springframework.web.servlet.resource.ResourceHttpRequestHandler]
2019-03-28T15:40:32.619 [main] [INFO] o.s.w.s.m.m.a.RequestMappingHandlerAdapter - Looking for @ControllerAdvice: org.springframework.web.context.support.GenericWebApplicationContext@81ff872: startup date [Thu Mar 28 15:40:22 CST 2019]; parent: org.springframework.context.annotation.AnnotationConfigApplicationContext@6da00fb9
2019-03-28T15:40:32.797 [main] [INFO] o.s.w.s.m.m.a.RequestMappingHandlerMapping - Mapped "{[/error]}" onto public org.springframework.http.ResponseEntity<java.util.Map<java.lang.String, java.lang.Object>> org.springframework.boot.autoconfigure.web.servlet.error.BasicErrorController.error(javax.servlet.http.HttpServletRequest)
2019-03-28T15:40:32.799 [main] [INFO] o.s.w.s.m.m.a.RequestMappingHandlerMapping - Mapped "{[/error],produces=[text/html]}" onto public org.springframework.web.servlet.ModelAndView org.springframework.boot.autoconfigure.web.servlet.error.BasicErrorController.errorHtml(javax.servlet.http.HttpServletRequest,javax.servlet.http.HttpServletResponse)
2019-03-28T15:40:32.812 [main] [INFO] o.s.w.s.m.m.a.RequestMappingHandlerMapping - Mapped "{[/encrypt],methods=[POST]}" onto public java.lang.String org.springframework.cloud.config.server.encryption.EncryptionController.encrypt(java.lang.String,org.springframework.http.MediaType)
2019-03-28T15:40:32.813 [main] [INFO] o.s.w.s.m.m.a.RequestMappingHandlerMapping - Mapped "{[/encrypt/{name}/{profiles}],methods=[POST]}" onto public java.lang.String org.springframework.cloud.config.server.encryption.EncryptionController.encrypt(java.lang.String,java.lang.String,java.lang.String,org.springframework.http.MediaType)
2019-03-28T15:40:32.813 [main] [INFO] o.s.w.s.m.m.a.RequestMappingHandlerMapping - Mapped "{[/decrypt/{name}/{profiles}],methods=[POST]}" onto public java.lang.String org.springframework.cloud.config.server.encryption.EncryptionController.decrypt(java.lang.String,java.lang.String,java.lang.String,org.springframework.http.MediaType)
2019-03-28T15:40:32.814 [main] [INFO] o.s.w.s.m.m.a.RequestMappingHandlerMapping - Mapped "{[/decrypt],methods=[POST]}" onto public java.lang.String org.springframework.cloud.config.server.encryption.EncryptionController.decrypt(java.lang.String,org.springframework.http.MediaType)
2019-03-28T15:40:32.814 [main] [INFO] o.s.w.s.m.m.a.RequestMappingHandlerMapping - Mapped "{[/encrypt/status],methods=[GET]}" onto public java.util.Map<java.lang.String, java.lang.Object> org.springframework.cloud.config.server.encryption.EncryptionController.status()
2019-03-28T15:40:32.814 [main] [INFO] o.s.w.s.m.m.a.RequestMappingHandlerMapping - Mapped "{[/key/{name}/{profiles}],methods=[GET]}" onto public java.lang.String org.springframework.cloud.config.server.encryption.EncryptionController.getPublicKey(java.lang.String,java.lang.String)
2019-03-28T15:40:32.815 [main] [INFO] o.s.w.s.m.m.a.RequestMappingHandlerMapping - Mapped "{[/key],methods=[GET]}" onto public java.lang.String org.springframework.cloud.config.server.encryption.EncryptionController.getPublicKey()
2019-03-28T15:40:32.825 [main] [INFO] o.s.w.s.m.m.a.RequestMappingHandlerMapping - Mapped "{[/{name}-{profiles}.properties],methods=[GET]}" onto public org.springframework.http.ResponseEntity<java.lang.String> org.springframework.cloud.config.server.environment.EnvironmentController.properties(java.lang.String,java.lang.String,boolean) throws java.io.IOException
2019-03-28T15:40:32.826 [main] [INFO] o.s.w.s.m.m.a.RequestMappingHandlerMapping - Mapped "{[/{name}-{profiles}.yml || /{name}-{profiles}.yaml],methods=[GET]}" onto public org.springframework.http.ResponseEntity<java.lang.String> org.springframework.cloud.config.server.environment.EnvironmentController.yaml(java.lang.String,java.lang.String,boolean) throws java.lang.Exception
2019-03-28T15:40:32.826 [main] [INFO] o.s.w.s.m.m.a.RequestMappingHandlerMapping - Mapped "{[/{label}/{name}-{profiles}.properties],methods=[GET]}" onto public org.springframework.http.ResponseEntity<java.lang.String> org.springframework.cloud.config.server.environment.EnvironmentController.labelledProperties(java.lang.String,java.lang.String,java.lang.String,boolean) throws java.io.IOException
2019-03-28T15:40:32.826 [main] [INFO] o.s.w.s.m.m.a.RequestMappingHandlerMapping - Mapped "{[/{label}/{name}-{profiles}.json],methods=[GET]}" onto public org.springframework.http.ResponseEntity<java.lang.String> org.springframework.cloud.config.server.environment.EnvironmentController.labelledJsonProperties(java.lang.String,java.lang.String,java.lang.String,boolean) throws java.lang.Exception
2019-03-28T15:40:32.827 [main] [INFO] o.s.w.s.m.m.a.RequestMappingHandlerMapping - Mapped "{[/{name}/{profiles:.*[^-].*}],methods=[GET]}" onto public org.springframework.cloud.config.environment.Environment org.springframework.cloud.config.server.environment.EnvironmentController.defaultLabel(java.lang.String,java.lang.String)
2019-03-28T15:40:32.827 [main] [INFO] o.s.w.s.m.m.a.RequestMappingHandlerMapping - Mapped "{[/{label}/{name}-{profiles}.yml || /{label}/{name}-{profiles}.yaml],methods=[GET]}" onto public org.springframework.http.ResponseEntity<java.lang.String> org.springframework.cloud.config.server.environment.EnvironmentController.labelledYaml(java.lang.String,java.lang.String,java.lang.String,boolean) throws java.lang.Exception
2019-03-28T15:40:32.828 [main] [INFO] o.s.w.s.m.m.a.RequestMappingHandlerMapping - Mapped "{[/{name}/{profiles}/{label:.*}],methods=[GET]}" onto public org.springframework.cloud.config.environment.Environment org.springframework.cloud.config.server.environment.EnvironmentController.labelled(java.lang.String,java.lang.String,java.lang.String)
2019-03-28T15:40:32.828 [main] [INFO] o.s.w.s.m.m.a.RequestMappingHandlerMapping - Mapped "{[/{name}-{profiles}.json],methods=[GET]}" onto public org.springframework.http.ResponseEntity<java.lang.String> org.springframework.cloud.config.server.environment.EnvironmentController.jsonProperties(java.lang.String,java.lang.String,boolean) throws java.lang.Exception
2019-03-28T15:40:32.834 [main] [INFO] o.s.w.s.m.m.a.RequestMappingHandlerMapping - Mapped "{[/{name}/{profile}/**],methods=[GET],params=[useDefaultLabel]}" onto public java.lang.String org.springframework.cloud.config.server.resource.ResourceController.retrieve(java.lang.String,java.lang.String,javax.servlet.http.HttpServletRequest,boolean) throws java.io.IOException
2019-03-28T15:40:32.835 [main] [INFO] o.s.w.s.m.m.a.RequestMappingHandlerMapping - Mapped "{[/{name}/{profile}/{label}/**],methods=[GET]}" onto public java.lang.String org.springframework.cloud.config.server.resource.ResourceController.retrieve(java.lang.String,java.lang.String,java.lang.String,javax.servlet.http.HttpServletRequest,boolean) throws java.io.IOException
2019-03-28T15:40:32.835 [main] [INFO] o.s.w.s.m.m.a.RequestMappingHandlerMapping - Mapped "{[/{name}/{profile}/{label}/**],methods=[GET],produces=[application/octet-stream]}" onto public synchronized byte[] org.springframework.cloud.config.server.resource.ResourceController.binary(java.lang.String,java.lang.String,java.lang.String,javax.servlet.http.HttpServletRequest) throws java.io.IOException
2019-03-28T15:40:32.913 [main] [INFO] o.s.w.s.h.SimpleUrlHandlerMapping - Mapped URL path [/webjars/**] onto handler of type [class org.springframework.web.servlet.resource.ResourceHttpRequestHandler]
2019-03-28T15:40:32.913 [main] [INFO] o.s.w.s.h.SimpleUrlHandlerMapping - Mapped URL path [/**] onto handler of type [class org.springframework.web.servlet.resource.ResourceHttpRequestHandler]
2019-03-28T15:40:36.712 [main] [INFO] o.s.s.c.ThreadPoolTaskScheduler - Initializing ExecutorService  'taskScheduler'
2019-03-28T15:40:38.266 [main] [INFO] o.s.s.c.ThreadPoolTaskScheduler - Initializing ExecutorService  'catalogWatchTaskScheduler'
2019-03-28T15:40:39.195 [main] [INFO] o.s.b.a.e.w.EndpointLinksResolver - Exposing 5 endpoint(s) beneath base path '/actuator'
2019-03-28T15:40:39.225 [main] [INFO] o.s.b.a.e.w.s.WebMvcEndpointHandlerMapping - Mapped "{[/actuator/health],methods=[GET],produces=[application/vnd.spring-boot.actuator.v2+json || application/json]}" onto public java.lang.Object org.springframework.boot.actuate.endpoint.web.servlet.AbstractWebMvcEndpointHandlerMapping$OperationHandler.handle(javax.servlet.http.HttpServletRequest,java.util.Map<java.lang.String, java.lang.String>)
2019-03-28T15:40:39.227 [main] [INFO] o.s.b.a.e.w.s.WebMvcEndpointHandlerMapping - Mapped "{[/actuator/refresh],methods=[POST],produces=[application/vnd.spring-boot.actuator.v2+json || application/json]}" onto public java.lang.Object org.springframework.boot.actuate.endpoint.web.servlet.AbstractWebMvcEndpointHandlerMapping$OperationHandler.handle(javax.servlet.http.HttpServletRequest,java.util.Map<java.lang.String, java.lang.String>)
2019-03-28T15:40:39.227 [main] [INFO] o.s.b.a.e.w.s.WebMvcEndpointHandlerMapping - Mapped "{[/actuator/bus-refresh/{destination}],methods=[POST]}" onto public java.lang.Object org.springframework.boot.actuate.endpoint.web.servlet.AbstractWebMvcEndpointHandlerMapping$OperationHandler.handle(javax.servlet.http.HttpServletRequest,java.util.Map<java.lang.String, java.lang.String>)
2019-03-28T15:40:39.229 [main] [INFO] o.s.b.a.e.w.s.WebMvcEndpointHandlerMapping - Mapped "{[/actuator/bus-refresh],methods=[POST]}" onto public java.lang.Object org.springframework.boot.actuate.endpoint.web.servlet.AbstractWebMvcEndpointHandlerMapping$OperationHandler.handle(javax.servlet.http.HttpServletRequest,java.util.Map<java.lang.String, java.lang.String>)
2019-03-28T15:40:39.229 [main] [INFO] o.s.b.a.e.w.s.WebMvcEndpointHandlerMapping - Mapped "{[/actuator/service-registry],methods=[GET],produces=[application/vnd.spring-boot.actuator.v2+json || application/json]}" onto public java.lang.Object org.springframework.boot.actuate.endpoint.web.servlet.AbstractWebMvcEndpointHandlerMapping$OperationHandler.handle(javax.servlet.http.HttpServletRequest,java.util.Map<java.lang.String, java.lang.String>)
2019-03-28T15:40:39.241 [main] [INFO] o.s.b.a.e.w.s.WebMvcEndpointHandlerMapping - Mapped "{[/actuator/service-registry],methods=[POST],consumes=[application/vnd.spring-boot.actuator.v2+json || application/json],produces=[application/vnd.spring-boot.actuator.v2+json || application/json]}" onto public java.lang.Object org.springframework.boot.actuate.endpoint.web.servlet.AbstractWebMvcEndpointHandlerMapping$OperationHandler.handle(javax.servlet.http.HttpServletRequest,java.util.Map<java.lang.String, java.lang.String>)
2019-03-28T15:40:39.242 [main] [INFO] o.s.b.a.e.w.s.WebMvcEndpointHandlerMapping - Mapped "{[/actuator/consul],methods=[GET],produces=[application/vnd.spring-boot.actuator.v2+json || application/json]}" onto public java.lang.Object org.springframework.boot.actuate.endpoint.web.servlet.AbstractWebMvcEndpointHandlerMapping$OperationHandler.handle(javax.servlet.http.HttpServletRequest,java.util.Map<java.lang.String, java.lang.String>)
2019-03-28T15:40:39.243 [main] [INFO] o.s.b.a.e.w.s.WebMvcEndpointHandlerMapping - Mapped "{[/actuator],methods=[GET],produces=[application/vnd.spring-boot.actuator.v2+json || application/json]}" onto protected java.util.Map<java.lang.String, java.util.Map<java.lang.String, org.springframework.boot.actuate.endpoint.web.Link>> org.springframework.boot.actuate.endpoint.web.servlet.WebMvcEndpointHandlerMapping.links(javax.servlet.http.HttpServletRequest,javax.servlet.http.HttpServletResponse)
2019-03-28T15:40:39.628 [main] [INFO] o.s.i.c.DirectChannel - Channel 'map-configcenter-1.springCloudBusInput' has 1 subscriber(s).
2019-03-28T15:40:39.638 [main] [INFO] o.s.c.s.DefaultLifecycleProcessor - Starting beans in phase -2147482648
2019-03-28T15:40:40.190 [main] [INFO] o.s.c.a.AnnotationConfigApplicationContext - Refreshing org.springframework.context.annotation.AnnotationConfigApplicationContext@7752c0e7: startup date [Thu Mar 28 15:40:40 CST 2019]; parent: org.springframework.web.context.support.GenericWebApplicationContext@81ff872
2019-03-28T15:40:40.258 [main] [INFO] o.s.b.f.a.AutowiredAnnotationBeanPostProcessor - JSR-330 'javax.inject.Inject' annotation found and supported for autowiring
2019-03-28T15:40:40.364 [main] [INFO] o.s.c.s.GenericApplicationContext - Refreshing org.springframework.context.support.GenericApplicationContext@686b1e2d: startup date [Thu Mar 28 15:40:40 CST 2019]; root of context hierarchy
2019-03-28T15:40:40.489 [main] [INFO] o.s.a.r.c.CachingConnectionFactory - Attempting to connect to: [127.0.0.1:5672]
2019-03-28T15:40:40.631 [main] [INFO] o.s.a.r.c.CachingConnectionFactory - Created new connection: rabbitConnectionFactory#51f68849:0/SimpleConnection@2f9addd4 [delegate=amqp://guest@127.0.0.1:5672/, localPort= 62136]
2019-03-28T15:40:40.749 [main] [INFO] o.s.i.c.DirectChannel - Channel 'map-configcenter-1.springCloudBusOutput' has 1 subscriber(s).
2019-03-28T15:40:40.752 [main] [INFO] o.s.c.s.DefaultLifecycleProcessor - Starting beans in phase 0
2019-03-28T15:40:40.757 [main] [INFO] o.s.i.e.EventDrivenConsumer - Adding {logging-channel-adapter:_org.springframework.integration.errorLogger} as a subscriber to the 'errorChannel' channel
2019-03-28T15:40:40.757 [main] [INFO] o.s.i.c.PublishSubscribeChannel - Channel 'map-configcenter-1.errorChannel' has 1 subscriber(s).
2019-03-28T15:40:40.757 [main] [INFO] o.s.i.e.EventDrivenConsumer - started _org.springframework.integration.errorLogger
2019-03-28T15:40:40.757 [main] [INFO] o.s.c.s.DefaultLifecycleProcessor - Starting beans in phase 2147482647
2019-03-28T15:40:40.787 [main] [INFO] o.s.c.s.b.r.p.RabbitExchangeQueueProvisioner - declaring queue for inbound: springCloudBus.anonymous.oHKPeCz0QryLv5X_t16ZvA, bound to: springCloudBus
2019-03-28T15:40:40.857 [main] [INFO] o.s.c.s.b.BinderErrorChannel - Channel 'map-configcenter-1.springCloudBus.anonymous.oHKPeCz0QryLv5X_t16ZvA.errors' has 1 subscriber(s).
2019-03-28T15:40:40.858 [main] [INFO] o.s.c.s.b.BinderErrorChannel - Channel 'map-configcenter-1.springCloudBus.anonymous.oHKPeCz0QryLv5X_t16ZvA.errors' has 2 subscriber(s).
2019-03-28T15:40:40.911 [main] [INFO] o.s.i.a.i.AmqpInboundChannelAdapter - started inbound.springCloudBus.anonymous.oHKPeCz0QryLv5X_t16ZvA
2019-03-28T15:40:40.913 [main] [INFO] o.s.c.s.DefaultLifecycleProcessor - Starting beans in phase 2147483647
2019-03-28T15:40:40.942 [main] [INFO] c.i.c.c.MapConfigserverApplicationTests - Started MapConfigserverApplicationTests in 23.196 seconds (JVM running for 29.197)
2019-03-28T15:40:43.380 [Thread-9] [INFO] o.s.w.c.s.GenericWebApplicationContext - Closing org.springframework.web.context.support.GenericWebApplicationContext@81ff872: startup date [Thu Mar 28 15:40:22 CST 2019]; parent: org.springframework.context.annotation.AnnotationConfigApplicationContext@6da00fb9
2019-03-28T15:40:43.392 [Thread-9] [INFO] o.s.c.a.AnnotationConfigApplicationContext - Closing org.springframework.context.annotation.AnnotationConfigApplicationContext@7752c0e7: startup date [Thu Mar 28 15:40:40 CST 2019]; parent: org.springframework.web.context.support.GenericWebApplicationContext@81ff872
2019-03-28T15:40:43.398 [Thread-9] [INFO] o.s.c.s.DefaultLifecycleProcessor - Stopping beans in phase 2147483647
2019-03-28T15:40:43.399 [Thread-9] [INFO] o.s.c.s.DefaultLifecycleProcessor - Stopping beans in phase 2147482647
2019-03-28T15:40:43.415 [Thread-9] [INFO] o.s.a.r.l.SimpleMessageListenerContainer - Waiting for workers to finish.
2019-03-28T15:40:43.917 [Thread-9] [INFO] o.s.a.r.l.SimpleMessageListenerContainer - Successfully waited for workers to finish.
2019-03-28T15:40:43.917 [Thread-9] [INFO] o.s.i.a.i.AmqpInboundChannelAdapter - stopped inbound.springCloudBus.anonymous.oHKPeCz0QryLv5X_t16ZvA
2019-03-28T15:40:43.918 [Thread-9] [INFO] o.s.c.s.b.BinderErrorChannel - Channel 'map-configcenter-1.springCloudBus.anonymous.oHKPeCz0QryLv5X_t16ZvA.errors' has 1 subscriber(s).
2019-03-28T15:40:43.919 [Thread-9] [INFO] o.s.c.s.b.BinderErrorChannel - Channel 'map-configcenter-1.springCloudBus.anonymous.oHKPeCz0QryLv5X_t16ZvA.errors' has 0 subscriber(s).
2019-03-28T15:40:43.919 [Thread-9] [INFO] o.s.c.s.DefaultLifecycleProcessor - Stopping beans in phase 0
2019-03-28T15:40:43.922 [Thread-9] [INFO] o.s.i.e.EventDrivenConsumer - Removing {logging-channel-adapter:_org.springframework.integration.errorLogger} as a subscriber to the 'errorChannel' channel
2019-03-28T15:40:43.923 [Thread-9] [INFO] o.s.i.c.PublishSubscribeChannel - Channel 'map-configcenter-1.errorChannel' has 0 subscriber(s).
2019-03-28T15:40:43.923 [Thread-9] [INFO] o.s.i.e.EventDrivenConsumer - stopped _org.springframework.integration.errorLogger
2019-03-28T15:40:43.923 [Thread-9] [INFO] o.s.c.s.DefaultLifecycleProcessor - Stopping beans in phase -2147482648
2019-03-28T15:40:43.927 [Thread-9] [INFO] o.s.s.c.ThreadPoolTaskScheduler - Shutting down ExecutorService 'catalogWatchTaskScheduler'
2019-03-28T15:40:43.929 [Thread-9] [INFO] o.s.s.c.ThreadPoolTaskScheduler - Shutting down ExecutorService 'taskScheduler'
